<?xml version="1.0" encoding="UTF-8"?>
<testsuite name="test.collective.basic.BlockchainTest" tests="8" skipped="0" failures="0" errors="0" timestamp="2023-11-14T05:01:17" hostname="Tylers-MacBook-Pro-3.local" time="0.184">
  <properties/>
  <testcase name="isValid_HashIncorrect" classname="test.collective.basic.BlockchainTest" time="0.1"/>
  <testcase name="isNotValid_whenManyAreNotMined" classname="test.collective.basic.BlockchainTest" time="0.013"/>
  <testcase name="isNotValid_forIncorrectPreviousHash" classname="test.collective.basic.BlockchainTest" time="0.026"/>
  <testcase name="size" classname="test.collective.basic.BlockchainTest" time="0.007"/>
  <testcase name="isNotValid_whenOneIsNotMined" classname="test.collective.basic.BlockchainTest" time="0.006"/>
  <testcase name="isEmpty" classname="test.collective.basic.BlockchainTest" time="0.007"/>
  <testcase name="isMined" classname="test.collective.basic.BlockchainTest" time="0.014"/>
  <testcase name="isValid" classname="test.collective.basic.BlockchainTest" time="0.007"/>
  <system-out><![CDATA[]]></system-out>
  <system-err><![CDATA[]]></system-err>
</testsuite>
